2020-01-02 15:16:43,184 [Thread-1:4060] [G:\pythonProject\Django\myWX_l_ningmo\apps\views\weixinFile.py:getRecentWX:94] [INFO]- /media/weixinFiles/wx6a1fd840ba67b756.o6zAJs5q__eWGkFxZQZnHFxjAoNg.jzHRTzaOTq113c133965453f4da5_XULSlQt.png
2020-01-02 15:16:43,184 [Thread-1:4060] [G:\pythonProject\Django\myWX_l_ningmo\apps\views\weixinFile.py:getRecentWX:94] [INFO]- /media/weixinFiles/wx6a1fd840ba67b756.o6zAJs5q__eWGkFxZQZnHFxjAoNg.LgdesQwF4GMTb4cd22ce2be77f26_BvWsv19.png
2020-01-02 15:16:43,185 [Thread-1:4060] [G:\pythonProject\Django\myWX_l_ningmo\apps\views\weixinFile.py:getRecentWX:94] [INFO]- /media/weixinFiles/wx6a1fd840ba67b756.o6zAJs5q__eWGkFxZQZnHFxjAoNg.9aVZQSMjgUmIccced7265f60288f_U4eOgL1.png
2020-01-02 15:16:43,185 [Thread-1:4060] [G:\pythonProject\Django\myWX_l_ningmo\apps\views\weixinFile.py:getRecentWX:94] [INFO]- /media/weixinFiles/wx6a1fd840ba67b756.o6zAJs5q__eWGkFxZQZnHFxjAoNg.euOKEN0CeR5X8414c9bb0b4e8711_fHcwiwZ.mp4
2020-01-02 15:16:43,185 [Thread-1:4060] [G:\pythonProject\Django\myWX_l_ningmo\apps\views\weixinFile.py:getRecentWX:94] [INFO]- /media/weixinFiles/wx6a1fd840ba67b756.o6zAJs5q__eWGkFxZQZnHFxjAoNg.GfjkP5trupnT0229b64e9dd209e7_1fYJQfE.mp4
2020-01-02 15:16:43,185 [Thread-1:4060] [G:\pythonProject\Django\myWX_l_ningmo\apps\views\weixinFile.py:getRecentWX:94] [INFO]- /media/weixinFiles/wx6a1fd840ba67b756..4rbCE8cY5byr621abac2374562ac4914dbef78155ba9.mp4
2020-01-02 15:16:43,185 [Thread-1:4060] [G:\pythonProject\Django\myWX_l_ningmo\apps\views\weixinFile.py:getRecentWX:94] [INFO]- /media/weixinFiles/wx6a1fd840ba67b756..7qr0UbD6AygM56b12a19875af14f31a5bf4b179b2466.jpg
2020-01-02 15:16:43,185 [Thread-1:4060] [G:\pythonProject\Django\myWX_l_ningmo\apps\views\weixinFile.py:getRecentWX:94] [INFO]- /media/weixinFiles/wx6a1fd840ba67b756..Zqg7YIWpzevs0229b64e9dd209e7d4a278a3e66f58ec.mp4
2020-01-02 15:16:43,186 [Thread-1:4060] [G:\pythonProject\Django\myWX_l_ningmo\apps\views\weixinFile.py:getRecentWX:94] [INFO]- /media/weixinFiles/wx6a1fd840ba67b756.o6zAJs5q__eWGkFxZQZnHFxjAoNg.E3FSMLrukcnx6f7aead081b3bf1d_GxtAngA.jpg
2020-01-02 15:16:43,186 [Thread-1:4060] [G:\pythonProject\Django\myWX_l_ningmo\apps\views\weixinFile.py:getRecentWX:99] [INFO]- 2222
2020-01-02 15:16:43,186 [Thread-1:4060] [G:\pythonProject\Django\myWX_l_ningmo\apps\views\weixinFile.py:getRecentWX:104] [INFO]- 1111
2020-01-02 15:16:43,186 [Thread-1:4060] [C:\ProgramData\Anaconda3\envs\myP38\lib\site-packages\django\core\servers\basehttp.py:log_message:154] [INFO]- "GET /service/getRecentWX HTTP/1.1" 200 1849
2020-01-02 15:16:49,420 [Thread-1:4060] [C:\ProgramData\Anaconda3\envs\myP38\lib\site-packages\django\core\servers\basehttp.py:log_message:154] [INFO]- "GET /auth/status HTTP/1.1" 200 70
2020-01-02 15:16:56,392 [Thread-1:4060] [G:\pythonProject\Django\myWX_l_ningmo\utils\wx\code2session.py:code2session:20] [INFO]- result from weixinServer : 
2020-01-02 15:16:56,501 [Thread-1:4060] [C:\ProgramData\Anaconda3\envs\myP38\lib\site-packages\django\core\servers\basehttp.py:log_message:154] [INFO]- "POST /auth/authorize HTTP/1.1" 200 61
2020-01-02 15:16:57,682 [Thread-1:4060] [C:\ProgramData\Anaconda3\envs\myP38\lib\site-packages\django\core\servers\basehttp.py:log_message:154] [INFO]- "GET /auth/status HTTP/1.1" 200 70
2020-01-02 15:16:57,743 [Thread-1:4060] [G:\pythonProject\Django\myWX_l_ningmo\apps\views\menu.py:get:53] [INFO]- session content in service/menu/user: y0o6wgur35ubth8v3az807ftfi5re2pk
2020-01-02 15:16:57,749 [Thread-1:4060] [C:\ProgramData\Anaconda3\envs\myP38\lib\site-packages\django\core\servers\basehttp.py:log_message:154] [INFO]- "GET /service/menu/user HTTP/1.1" 200 480
2020-01-02 15:16:58,933 [Thread-1:4060] [C:\ProgramData\Anaconda3\envs\myP38\lib\site-packages\django\core\servers\basehttp.py:log_message:154] [INFO]- "GET /auth/status HTTP/1.1" 200 70
2020-01-02 15:16:58,960 [Thread-1:4060] [G:\pythonProject\Django\myWX_l_ningmo\apps\views\menu.py:get:53] [INFO]- session content in service/menu/user: y0o6wgur35ubth8v3az807ftfi5re2pk
2020-01-02 15:16:58,965 [Thread-1:4060] [C:\ProgramData\Anaconda3\envs\myP38\lib\site-packages\django\core\servers\basehttp.py:log_message:154] [INFO]- "GET /service/menu/user HTTP/1.1" 200 480
2020-01-02 15:17:06,523 [Thread-3:12264] [C:\ProgramData\Anaconda3\envs\myP38\lib\site-packages\django\core\servers\basehttp.py:log_message:154] [INFO]- "POST /service/saveWX HTTP/1.1" 200 215
2020-01-02 15:17:10,359 [Thread-1:4060] [G:\pythonProject\Django\myWX_l_ningmo\apps\views\weixinFile.py:getRecentWX:94] [INFO]- /media/weixinFiles/wx6a1fd840ba67b756.o6zAJs5q__eWGkFxZQZnHFxjAoNg.jzHRTzaOTq113c133965453f4da5_XULSlQt.png
2020-01-02 15:17:10,359 [Thread-1:4060] [G:\pythonProject\Django\myWX_l_ningmo\apps\views\weixinFile.py:getRecentWX:94] [INFO]- /media/weixinFiles/wx6a1fd840ba67b756.o6zAJs5q__eWGkFxZQZnHFxjAoNg.LgdesQwF4GMTb4cd22ce2be77f26_BvWsv19.png
2020-01-02 15:17:10,359 [Thread-1:4060] [G:\pythonProject\Django\myWX_l_ningmo\apps\views\weixinFile.py:getRecentWX:94] [INFO]- /media/weixinFiles/wx6a1fd840ba67b756.o6zAJs5q__eWGkFxZQZnHFxjAoNg.9aVZQSMjgUmIccced7265f60288f_U4eOgL1.png
2020-01-02 15:17:10,360 [Thread-1:4060] [G:\pythonProject\Django\myWX_l_ningmo\apps\views\weixinFile.py:getRecentWX:94] [INFO]- /media/weixinFiles/wx6a1fd840ba67b756.o6zAJs5q__eWGkFxZQZnHFxjAoNg.euOKEN0CeR5X8414c9bb0b4e8711_fHcwiwZ.mp4
2020-01-02 15:17:10,360 [Thread-1:4060] [G:\pythonProject\Django\myWX_l_ningmo\apps\views\weixinFile.py:getRecentWX:94] [INFO]- /media/weixinFiles/wx6a1fd840ba67b756.o6zAJs5q__eWGkFxZQZnHFxjAoNg.GfjkP5trupnT0229b64e9dd209e7_1fYJQfE.mp4
2020-01-02 15:17:10,360 [Thread-1:4060] [G:\pythonProject\Django\myWX_l_ningmo\apps\views\weixinFile.py:getRecentWX:94] [INFO]- /media/weixinFiles/wx6a1fd840ba67b756..4rbCE8cY5byr621abac2374562ac4914dbef78155ba9.mp4
2020-01-02 15:17:10,361 [Thread-1:4060] [G:\pythonProject\Django\myWX_l_ningmo\apps\views\weixinFile.py:getRecentWX:94] [INFO]- /media/weixinFiles/wx6a1fd840ba67b756..7qr0UbD6AygM56b12a19875af14f31a5bf4b179b2466.jpg
2020-01-02 15:17:10,361 [Thread-1:4060] [G:\pythonProject\Django\myWX_l_ningmo\apps\views\weixinFile.py:getRecentWX:94] [INFO]- /media/weixinFiles/wx6a1fd840ba67b756..Zqg7YIWpzevs0229b64e9dd209e7d4a278a3e66f58ec.mp4
2020-01-02 15:17:10,361 [Thread-1:4060] [G:\pythonProject\Django\myWX_l_ningmo\apps\views\weixinFile.py:getRecentWX:94] [INFO]- /media/weixinFiles/wx6a1fd840ba67b756.o6zAJs5q__eWGkFxZQZnHFxjAoNg.E3FSMLrukcnx6f7aead081b3bf1d_GxtAngA.jpg
2020-01-02 15:17:10,361 [Thread-1:4060] [G:\pythonProject\Django\myWX_l_ningmo\apps\views\weixinFile.py:getRecentWX:94] [INFO]- /media/weixinFiles/2020-01-02---7msrzEH1---31a5bf4b179b2466.jpg
2020-01-02 15:17:10,361 [Thread-1:4060] [G:\pythonProject\Django\myWX_l_ningmo\apps\views\weixinFile.py:getRecentWX:99] [INFO]- 2222
2020-01-02 15:17:10,361 [Thread-1:4060] [G:\pythonProject\Django\myWX_l_ningmo\apps\views\weixinFile.py:getRecentWX:104] [INFO]- 1111
2020-01-02 15:17:10,362 [Thread-1:4060] [C:\ProgramData\Anaconda3\envs\myP38\lib\site-packages\django\core\servers\basehttp.py:log_message:154] [INFO]- "GET /service/getRecentWX HTTP/1.1" 200 2008
2020-01-02 15:19:37,073 [Thread-1:5480] [G:\pythonProject\Django\myWX_l_ningmo\apps\views\weixinFile.py:getRecentWX:94] [INFO]- /media/weixinFiles/wx6a1fd840ba67b756.o6zAJs5q__eWGkFxZQZnHFxjAoNg.jzHRTzaOTq113c133965453f4da5_XULSlQt.png
2020-01-02 15:19:37,074 [Thread-1:5480] [G:\pythonProject\Django\myWX_l_ningmo\apps\views\weixinFile.py:getRecentWX:94] [INFO]- /media/weixinFiles/wx6a1fd840ba67b756.o6zAJs5q__eWGkFxZQZnHFxjAoNg.LgdesQwF4GMTb4cd22ce2be77f26_BvWsv19.png
2020-01-02 15:19:37,074 [Thread-1:5480] [G:\pythonProject\Django\myWX_l_ningmo\apps\views\weixinFile.py:getRecentWX:94] [INFO]- /media/weixinFiles/wx6a1fd840ba67b756.o6zAJs5q__eWGkFxZQZnHFxjAoNg.9aVZQSMjgUmIccced7265f60288f_U4eOgL1.png
2020-01-02 15:19:37,074 [Thread-1:5480] [G:\pythonProject\Django\myWX_l_ningmo\apps\views\weixinFile.py:getRecentWX:94] [INFO]- /media/weixinFiles/wx6a1fd840ba67b756.o6zAJs5q__eWGkFxZQZnHFxjAoNg.euOKEN0CeR5X8414c9bb0b4e8711_fHcwiwZ.mp4
2020-01-02 15:19:37,074 [Thread-1:5480] [G:\pythonProject\Django\myWX_l_ningmo\apps\views\weixinFile.py:getRecentWX:94] [INFO]- /media/weixinFiles/wx6a1fd840ba67b756.o6zAJs5q__eWGkFxZQZnHFxjAoNg.GfjkP5trupnT0229b64e9dd209e7_1fYJQfE.mp4
2020-01-02 15:19:37,074 [Thread-1:5480] [G:\pythonProject\Django\myWX_l_ningmo\apps\views\weixinFile.py:getRecentWX:94] [INFO]- /media/weixinFiles/wx6a1fd840ba67b756..4rbCE8cY5byr621abac2374562ac4914dbef78155ba9.mp4
2020-01-02 15:19:37,074 [Thread-1:5480] [G:\pythonProject\Django\myWX_l_ningmo\apps\views\weixinFile.py:getRecentWX:94] [INFO]- /media/weixinFiles/wx6a1fd840ba67b756..7qr0UbD6AygM56b12a19875af14f31a5bf4b179b2466.jpg
2020-01-02 15:19:37,075 [Thread-1:5480] [G:\pythonProject\Django\myWX_l_ningmo\apps\views\weixinFile.py:getRecentWX:94] [INFO]- /media/weixinFiles/wx6a1fd840ba67b756..Zqg7YIWpzevs0229b64e9dd209e7d4a278a3e66f58ec.mp4
2020-01-02 15:19:37,075 [Thread-1:5480] [G:\pythonProject\Django\myWX_l_ningmo\apps\views\weixinFile.py:getRecentWX:94] [INFO]- /media/weixinFiles/wx6a1fd840ba67b756.o6zAJs5q__eWGkFxZQZnHFxjAoNg.E3FSMLrukcnx6f7aead081b3bf1d_GxtAngA.jpg
2020-01-02 15:19:37,075 [Thread-1:5480] [G:\pythonProject\Django\myWX_l_ningmo\apps\views\weixinFile.py:getRecentWX:94] [INFO]- /media/weixinFiles/2020-01-02---7msrzEH1---31a5bf4b179b2466.jpg
2020-01-02 15:19:37,075 [Thread-1:5480] [G:\pythonProject\Django\myWX_l_ningmo\apps\views\weixinFile.py:getRecentWX:99] [INFO]- 2222
2020-01-02 15:19:37,075 [Thread-1:5480] [G:\pythonProject\Django\myWX_l_ningmo\apps\views\weixinFile.py:getRecentWX:104] [INFO]- 1111
2020-01-02 15:19:37,075 [Thread-1:5480] [C:\ProgramData\Anaconda3\envs\myP38\lib\site-packages\django\core\servers\basehttp.py:log_message:154] [INFO]- "GET /service/getRecentWX HTTP/1.1" 200 2008
2020-01-02 15:20:18,096 [Thread-1:5784] [G:\pythonProject\Django\myWX_l_ningmo\apps\views\weixinFile.py:getRecentWX:94] [INFO]- /media/weixinFiles/wx6a1fd840ba67b756.o6zAJs5q__eWGkFxZQZnHFxjAoNg.jzHRTzaOTq113c133965453f4da5_XULSlQt.png
2020-01-02 15:20:18,096 [Thread-1:5784] [G:\pythonProject\Django\myWX_l_ningmo\apps\views\weixinFile.py:getRecentWX:94] [INFO]- /media/weixinFiles/wx6a1fd840ba67b756.o6zAJs5q__eWGkFxZQZnHFxjAoNg.LgdesQwF4GMTb4cd22ce2be77f26_BvWsv19.png
2020-01-02 15:20:18,096 [Thread-1:5784] [G:\pythonProject\Django\myWX_l_ningmo\apps\views\weixinFile.py:getRecentWX:94] [INFO]- /media/weixinFiles/wx6a1fd840ba67b756.o6zAJs5q__eWGkFxZQZnHFxjAoNg.9aVZQSMjgUmIccced7265f60288f_U4eOgL1.png
2020-01-02 15:20:18,097 [Thread-1:5784] [G:\pythonProject\Django\myWX_l_ningmo\apps\views\weixinFile.py:getRecentWX:94] [INFO]- /media/weixinFiles/wx6a1fd840ba67b756.o6zAJs5q__eWGkFxZQZnHFxjAoNg.euOKEN0CeR5X8414c9bb0b4e8711_fHcwiwZ.mp4
2020-01-02 15:20:18,097 [Thread-1:5784] [G:\pythonProject\Django\myWX_l_ningmo\apps\views\weixinFile.py:getRecentWX:94] [INFO]- /media/weixinFiles/wx6a1fd840ba67b756.o6zAJs5q__eWGkFxZQZnHFxjAoNg.GfjkP5trupnT0229b64e9dd209e7_1fYJQfE.mp4
2020-01-02 15:20:18,097 [Thread-1:5784] [G:\pythonProject\Django\myWX_l_ningmo\apps\views\weixinFile.py:getRecentWX:94] [INFO]- /media/weixinFiles/wx6a1fd840ba67b756..4rbCE8cY5byr621abac2374562ac4914dbef78155ba9.mp4
2020-01-02 15:20:18,097 [Thread-1:5784] [G:\pythonProject\Django\myWX_l_ningmo\apps\views\weixinFile.py:getRecentWX:94] [INFO]- /media/weixinFiles/wx6a1fd840ba67b756..7qr0UbD6AygM56b12a19875af14f31a5bf4b179b2466.jpg
2020-01-02 15:20:18,097 [Thread-1:5784] [G:\pythonProject\Django\myWX_l_ningmo\apps\views\weixinFile.py:getRecentWX:94] [INFO]- /media/weixinFiles/wx6a1fd840ba67b756..Zqg7YIWpzevs0229b64e9dd209e7d4a278a3e66f58ec.mp4
2020-01-02 15:20:18,097 [Thread-1:5784] [G:\pythonProject\Django\myWX_l_ningmo\apps\views\weixinFile.py:getRecentWX:94] [INFO]- /media/weixinFiles/wx6a1fd840ba67b756.o6zAJs5q__eWGkFxZQZnHFxjAoNg.E3FSMLrukcnx6f7aead081b3bf1d_GxtAngA.jpg
2020-01-02 15:20:18,098 [Thread-1:5784] [G:\pythonProject\Django\myWX_l_ningmo\apps\views\weixinFile.py:getRecentWX:94] [INFO]- /media/weixinFiles/2020-01-02---7msrzEH1---31a5bf4b179b2466.jpg
2020-01-02 15:20:18,098 [Thread-1:5784] [G:\pythonProject\Django\myWX_l_ningmo\apps\views\weixinFile.py:getRecentWX:99] [INFO]- 2222
2020-01-02 15:20:18,098 [Thread-1:5784] [G:\pythonProject\Django\myWX_l_ningmo\apps\views\weixinFile.py:getRecentWX:104] [INFO]- 1111
2020-01-02 15:20:18,098 [Thread-1:5784] [C:\ProgramData\Anaconda3\envs\myP38\lib\site-packages\django\core\servers\basehttp.py:log_message:154] [INFO]- "GET /service/getRecentWX HTTP/1.1" 200 1948
2020-01-02 15:20:18,144 [Thread-6:6468] [C:\ProgramData\Anaconda3\envs\myP38\lib\site-packages\django\utils\log.py:log_response:222] [WARNING]- Not Found: /media/weixinFiles/wx6a1fd840ba67b756..Zqg7YIWpzevs0229b64e9dd209e7d4a278a3e66f58ec.mp4
2020-01-02 15:20:18,145 [Thread-8:9948] [C:\ProgramData\Anaconda3\envs\myP38\lib\site-packages\django\utils\log.py:log_response:222] [WARNING]- Not Found: /media/weixinFiles/wx6a1fd840ba67b756.o6zAJs5q__eWGkFxZQZnHFxjAoNg.LgdesQwF4GMTb4cd22ce2be77f26_BvWsv19.png
2020-01-02 15:20:18,146 [Thread-4:4384] [C:\ProgramData\Anaconda3\envs\myP38\lib\site-packages\django\utils\log.py:log_response:222] [WARNING]- Not Found: /media/weixinFiles/wx6a1fd840ba67b756.o6zAJs5q__eWGkFxZQZnHFxjAoNg.GfjkP5trupnT0229b64e9dd209e7_1fYJQfE.mp4
2020-01-02 15:20:18,146 [Thread-5:10256] [C:\ProgramData\Anaconda3\envs\myP38\lib\site-packages\django\utils\log.py:log_response:222] [WARNING]- Not Found: /media/weixinFiles/wx6a1fd840ba67b756..4rbCE8cY5byr621abac2374562ac4914dbef78155ba9.mp4
2020-01-02 15:20:18,163 [Thread-5:10256] [C:\ProgramData\Anaconda3\envs\myP38\lib\site-packages\django\core\servers\basehttp.py:log_message:154] [WARNING]- "GET /media/weixinFiles/wx6a1fd840ba67b756..4rbCE8cY5byr621abac2374562ac4914dbef78155ba9.mp4 HTTP/1.1" 404 77
2020-01-02 15:20:18,161 [Thread-3:5820] [C:\ProgramData\Anaconda3\envs\myP38\lib\site-packages\django\utils\log.py:log_response:222] [WARNING]- Not Found: /media/weixinFiles/wx6a1fd840ba67b756.o6zAJs5q__eWGkFxZQZnHFxjAoNg.euOKEN0CeR5X8414c9bb0b4e8711_fHcwiwZ.mp4
2020-01-02 15:20:18,162 [Thread-6:6468] [C:\ProgramData\Anaconda3\envs\myP38\lib\site-packages\django\core\servers\basehttp.py:log_message:154] [WARNING]- "GET /media/weixinFiles/wx6a1fd840ba67b756..Zqg7YIWpzevs0229b64e9dd209e7d4a278a3e66f58ec.mp4 HTTP/1.1" 404 77
2020-01-02 15:20:18,162 [Thread-8:9948] [C:\ProgramData\Anaconda3\envs\myP38\lib\site-packages\django\core\servers\basehttp.py:log_message:154] [WARNING]- "GET /media/weixinFiles/wx6a1fd840ba67b756.o6zAJs5q__eWGkFxZQZnHFxjAoNg.LgdesQwF4GMTb4cd22ce2be77f26_BvWsv19.png HTTP/1.1" 404 77
2020-01-02 15:20:18,164 [Thread-4:4384] [C:\ProgramData\Anaconda3\envs\myP38\lib\site-packages\django\core\servers\basehttp.py:log_message:154] [WARNING]- "GET /media/weixinFiles/wx6a1fd840ba67b756.o6zAJs5q__eWGkFxZQZnHFxjAoNg.GfjkP5trupnT0229b64e9dd209e7_1fYJQfE.mp4 HTTP/1.1" 404 77
2020-01-02 15:20:18,164 [Thread-3:5820] [C:\ProgramData\Anaconda3\envs\myP38\lib\site-packages\django\core\servers\basehttp.py:log_message:154] [WARNING]- "GET /media/weixinFiles/wx6a1fd840ba67b756.o6zAJs5q__eWGkFxZQZnHFxjAoNg.euOKEN0CeR5X8414c9bb0b4e8711_fHcwiwZ.mp4 HTTP/1.1" 404 77
2020-01-02 15:20:18,161 [Thread-7:9640] [C:\ProgramData\Anaconda3\envs\myP38\lib\site-packages\django\utils\log.py:log_response:222] [WARNING]- Not Found: /media/weixinFiles/wx6a1fd840ba67b756.o6zAJs5q__eWGkFxZQZnHFxjAoNg.jzHRTzaOTq113c133965453f4da5_XULSlQt.png
2020-01-02 15:20:18,165 [Thread-7:9640] [C:\ProgramData\Anaconda3\envs\myP38\lib\site-packages\django\core\servers\basehttp.py:log_message:154] [WARNING]- "GET /media/weixinFiles/wx6a1fd840ba67b756.o6zAJs5q__eWGkFxZQZnHFxjAoNg.jzHRTzaOTq113c133965453f4da5_XULSlQt.png HTTP/1.1" 404 77
2020-01-02 15:20:18,174 [Thread-7:9640] [C:\ProgramData\Anaconda3\envs\myP38\lib\site-packages\django\utils\log.py:log_response:222] [WARNING]- Not Found: /media/weixinFiles/wx6a1fd840ba67b756.o6zAJs5q__eWGkFxZQZnHFxjAoNg.9aVZQSMjgUmIccced7265f60288f_U4eOgL1.png
2020-01-02 15:20:18,174 [Thread-7:9640] [C:\ProgramData\Anaconda3\envs\myP38\lib\site-packages\django\core\servers\basehttp.py:log_message:154] [WARNING]- "GET /media/weixinFiles/wx6a1fd840ba67b756.o6zAJs5q__eWGkFxZQZnHFxjAoNg.9aVZQSMjgUmIccced7265f60288f_U4eOgL1.png HTTP/1.1" 404 77
2020-01-02 15:20:18,178 [Thread-8:9948] [C:\ProgramData\Anaconda3\envs\myP38\lib\site-packages\django\utils\log.py:log_response:222] [WARNING]- Not Found: /media/weixinFiles/wx6a1fd840ba67b756..7qr0UbD6AygM56b12a19875af14f31a5bf4b179b2466.jpg
2020-01-02 15:20:18,178 [Thread-8:9948] [C:\ProgramData\Anaconda3\envs\myP38\lib\site-packages\django\core\servers\basehttp.py:log_message:154] [WARNING]- "GET /media/weixinFiles/wx6a1fd840ba67b756..7qr0UbD6AygM56b12a19875af14f31a5bf4b179b2466.jpg HTTP/1.1" 404 77
2020-01-02 15:20:18,185 [Thread-9:10948] [C:\ProgramData\Anaconda3\envs\myP38\lib\site-packages\django\utils\log.py:log_response:222] [WARNING]- Not Found: /media/weixinFiles/wx6a1fd840ba67b756.o6zAJs5q__eWGkFxZQZnHFxjAoNg.E3FSMLrukcnx6f7aead081b3bf1d_GxtAngA.jpg
2020-01-02 15:20:18,186 [Thread-9:10948] [C:\ProgramData\Anaconda3\envs\myP38\lib\site-packages\django\core\servers\basehttp.py:log_message:154] [WARNING]- "GET /media/weixinFiles/wx6a1fd840ba67b756.o6zAJs5q__eWGkFxZQZnHFxjAoNg.E3FSMLrukcnx6f7aead081b3bf1d_GxtAngA.jpg HTTP/1.1" 404 77
2020-01-02 15:20:18,206 [Thread-8:9948] [C:\ProgramData\Anaconda3\envs\myP38\lib\site-packages\django\core\servers\basehttp.py:log_message:154] [INFO]- "GET /media/weixinFiles/2020-01-02---7msrzEH1---31a5bf4b179b2466.jpg HTTP/1.1" 200 174802
2020-01-02 15:20:19,482 [Thread-1:5784] [G:\pythonProject\Django\myWX_l_ningmo\apps\views\weixinFile.py:getRecentWX:94] [INFO]- /media/weixinFiles/wx6a1fd840ba67b756.o6zAJs5q__eWGkFxZQZnHFxjAoNg.jzHRTzaOTq113c133965453f4da5_XULSlQt.png
2020-01-02 15:20:19,482 [Thread-1:5784] [G:\pythonProject\Django\myWX_l_ningmo\apps\views\weixinFile.py:getRecentWX:94] [INFO]- /media/weixinFiles/wx6a1fd840ba67b756.o6zAJs5q__eWGkFxZQZnHFxjAoNg.LgdesQwF4GMTb4cd22ce2be77f26_BvWsv19.png
2020-01-02 15:20:19,483 [Thread-1:5784] [G:\pythonProject\Django\myWX_l_ningmo\apps\views\weixinFile.py:getRecentWX:94] [INFO]- /media/weixinFiles/wx6a1fd840ba67b756.o6zAJs5q__eWGkFxZQZnHFxjAoNg.9aVZQSMjgUmIccced7265f60288f_U4eOgL1.png
2020-01-02 15:20:19,483 [Thread-1:5784] [G:\pythonProject\Django\myWX_l_ningmo\apps\views\weixinFile.py:getRecentWX:94] [INFO]- /media/weixinFiles/wx6a1fd840ba67b756.o6zAJs5q__eWGkFxZQZnHFxjAoNg.euOKEN0CeR5X8414c9bb0b4e8711_fHcwiwZ.mp4
2020-01-02 15:20:19,483 [Thread-1:5784] [G:\pythonProject\Django\myWX_l_ningmo\apps\views\weixinFile.py:getRecentWX:94] [INFO]- /media/weixinFiles/wx6a1fd840ba67b756.o6zAJs5q__eWGkFxZQZnHFxjAoNg.GfjkP5trupnT0229b64e9dd209e7_1fYJQfE.mp4
2020-01-02 15:20:19,484 [Thread-1:5784] [G:\pythonProject\Django\myWX_l_ningmo\apps\views\weixinFile.py:getRecentWX:94] [INFO]- /media/weixinFiles/wx6a1fd840ba67b756..4rbCE8cY5byr621abac2374562ac4914dbef78155ba9.mp4
2020-01-02 15:20:19,484 [Thread-1:5784] [G:\pythonProject\Django\myWX_l_ningmo\apps\views\weixinFile.py:getRecentWX:94] [INFO]- /media/weixinFiles/wx6a1fd840ba67b756..7qr0UbD6AygM56b12a19875af14f31a5bf4b179b2466.jpg
2020-01-02 15:20:19,484 [Thread-1:5784] [G:\pythonProject\Django\myWX_l_ningmo\apps\views\weixinFile.py:getRecentWX:94] [INFO]- /media/weixinFiles/wx6a1fd840ba67b756..Zqg7YIWpzevs0229b64e9dd209e7d4a278a3e66f58ec.mp4
2020-01-02 15:20:19,485 [Thread-1:5784] [G:\pythonProject\Django\myWX_l_ningmo\apps\views\weixinFile.py:getRecentWX:94] [INFO]- /media/weixinFiles/wx6a1fd840ba67b756.o6zAJs5q__eWGkFxZQZnHFxjAoNg.E3FSMLrukcnx6f7aead081b3bf1d_GxtAngA.jpg
2020-01-02 15:20:19,485 [Thread-1:5784] [G:\pythonProject\Django\myWX_l_ningmo\apps\views\weixinFile.py:getRecentWX:94] [INFO]- /media/weixinFiles/2020-01-02---7msrzEH1---31a5bf4b179b2466.jpg
2020-01-02 15:20:19,485 [Thread-1:5784] [G:\pythonProject\Django\myWX_l_ningmo\apps\views\weixinFile.py:getRecentWX:99] [INFO]- 2222
2020-01-02 15:20:19,485 [Thread-1:5784] [G:\pythonProject\Django\myWX_l_ningmo\apps\views\weixinFile.py:getRecentWX:104] [INFO]- 1111
2020-01-02 15:20:19,487 [Thread-1:5784] [C:\ProgramData\Anaconda3\envs\myP38\lib\site-packages\django\core\servers\basehttp.py:log_message:154] [INFO]- "GET /service/getRecentWX HTTP/1.1" 200 1948
2020-01-02 15:20:27,483 [Thread-1:5784] [G:\pythonProject\Django\myWX_l_ningmo\apps\views\weixinFile.py:getRecentWX:94] [INFO]- /media/weixinFiles/wx6a1fd840ba67b756.o6zAJs5q__eWGkFxZQZnHFxjAoNg.jzHRTzaOTq113c133965453f4da5_XULSlQt.png
2020-01-02 15:20:27,483 [Thread-1:5784] [G:\pythonProject\Django\myWX_l_ningmo\apps\views\weixinFile.py:getRecentWX:94] [INFO]- /media/weixinFiles/wx6a1fd840ba67b756.o6zAJs5q__eWGkFxZQZnHFxjAoNg.LgdesQwF4GMTb4cd22ce2be77f26_BvWsv19.png
2020-01-02 15:20:27,483 [Thread-1:5784] [G:\pythonProject\Django\myWX_l_ningmo\apps\views\weixinFile.py:getRecentWX:94] [INFO]- /media/weixinFiles/wx6a1fd840ba67b756.o6zAJs5q__eWGkFxZQZnHFxjAoNg.9aVZQSMjgUmIccced7265f60288f_U4eOgL1.png
2020-01-02 15:20:27,484 [Thread-1:5784] [G:\pythonProject\Django\myWX_l_ningmo\apps\views\weixinFile.py:getRecentWX:94] [INFO]- /media/weixinFiles/wx6a1fd840ba67b756.o6zAJs5q__eWGkFxZQZnHFxjAoNg.euOKEN0CeR5X8414c9bb0b4e8711_fHcwiwZ.mp4
2020-01-02 15:20:27,484 [Thread-1:5784] [G:\pythonProject\Django\myWX_l_ningmo\apps\views\weixinFile.py:getRecentWX:94] [INFO]- /media/weixinFiles/wx6a1fd840ba67b756.o6zAJs5q__eWGkFxZQZnHFxjAoNg.GfjkP5trupnT0229b64e9dd209e7_1fYJQfE.mp4
2020-01-02 15:20:27,484 [Thread-1:5784] [G:\pythonProject\Django\myWX_l_ningmo\apps\views\weixinFile.py:getRecentWX:94] [INFO]- /media/weixinFiles/wx6a1fd840ba67b756..4rbCE8cY5byr621abac2374562ac4914dbef78155ba9.mp4
2020-01-02 15:20:27,484 [Thread-1:5784] [G:\pythonProject\Django\myWX_l_ningmo\apps\views\weixinFile.py:getRecentWX:94] [INFO]- /media/weixinFiles/wx6a1fd840ba67b756..7qr0UbD6AygM56b12a19875af14f31a5bf4b179b2466.jpg
2020-01-02 15:20:27,484 [Thread-1:5784] [G:\pythonProject\Django\myWX_l_ningmo\apps\views\weixinFile.py:getRecentWX:94] [INFO]- /media/weixinFiles/wx6a1fd840ba67b756..Zqg7YIWpzevs0229b64e9dd209e7d4a278a3e66f58ec.mp4
2020-01-02 15:20:27,484 [Thread-1:5784] [G:\pythonProject\Django\myWX_l_ningmo\apps\views\weixinFile.py:getRecentWX:94] [INFO]- /media/weixinFiles/wx6a1fd840ba67b756.o6zAJs5q__eWGkFxZQZnHFxjAoNg.E3FSMLrukcnx6f7aead081b3bf1d_GxtAngA.jpg
2020-01-02 15:20:27,484 [Thread-1:5784] [G:\pythonProject\Django\myWX_l_ningmo\apps\views\weixinFile.py:getRecentWX:94] [INFO]- /media/weixinFiles/2020-01-02---7msrzEH1---31a5bf4b179b2466.jpg
2020-01-02 15:20:27,485 [Thread-1:5784] [G:\pythonProject\Django\myWX_l_ningmo\apps\views\weixinFile.py:getRecentWX:99] [INFO]- 2222
2020-01-02 15:20:27,485 [Thread-1:5784] [G:\pythonProject\Django\myWX_l_ningmo\apps\views\weixinFile.py:getRecentWX:104] [INFO]- 1111
2020-01-02 15:20:27,485 [Thread-1:5784] [C:\ProgramData\Anaconda3\envs\myP38\lib\site-packages\django\core\servers\basehttp.py:log_message:154] [INFO]- "GET /service/getRecentWX HTTP/1.1" 200 1948
2020-01-02 15:20:27,548 [Thread-8:9948] [C:\ProgramData\Anaconda3\envs\myP38\lib\site-packages\django\utils\log.py:log_response:222] [WARNING]- Not Found: /media/weixinFiles/wx6a1fd840ba67b756.o6zAJs5q__eWGkFxZQZnHFxjAoNg.jzHRTzaOTq113c133965453f4da5_XULSlQt.png
2020-01-02 15:20:27,549 [Thread-8:9948] [C:\ProgramData\Anaconda3\envs\myP38\lib\site-packages\django\core\servers\basehttp.py:log_message:154] [WARNING]- "GET /media/weixinFiles/wx6a1fd840ba67b756.o6zAJs5q__eWGkFxZQZnHFxjAoNg.jzHRTzaOTq113c133965453f4da5_XULSlQt.png HTTP/1.1" 404 77
2020-01-02 15:20:27,550 [Thread-9:10948] [C:\ProgramData\Anaconda3\envs\myP38\lib\site-packages\django\utils\log.py:log_response:222] [WARNING]- Not Found: /media/weixinFiles/wx6a1fd840ba67b756.o6zAJs5q__eWGkFxZQZnHFxjAoNg.LgdesQwF4GMTb4cd22ce2be77f26_BvWsv19.png
2020-01-02 15:20:27,551 [Thread-9:10948] [C:\ProgramData\Anaconda3\envs\myP38\lib\site-packages\django\core\servers\basehttp.py:log_message:154] [WARNING]- "GET /media/weixinFiles/wx6a1fd840ba67b756.o6zAJs5q__eWGkFxZQZnHFxjAoNg.LgdesQwF4GMTb4cd22ce2be77f26_BvWsv19.png HTTP/1.1" 404 77
2020-01-02 15:20:27,554 [Thread-7:9640] [C:\ProgramData\Anaconda3\envs\myP38\lib\site-packages\django\utils\log.py:log_response:222] [WARNING]- Not Found: /media/weixinFiles/wx6a1fd840ba67b756.o6zAJs5q__eWGkFxZQZnHFxjAoNg.9aVZQSMjgUmIccced7265f60288f_U4eOgL1.png
2020-01-02 15:20:27,557 [Thread-7:9640] [C:\ProgramData\Anaconda3\envs\myP38\lib\site-packages\django\core\servers\basehttp.py:log_message:154] [WARNING]- "GET /media/weixinFiles/wx6a1fd840ba67b756.o6zAJs5q__eWGkFxZQZnHFxjAoNg.9aVZQSMjgUmIccced7265f60288f_U4eOgL1.png HTTP/1.1" 404 77
2020-01-02 15:20:27,556 [Thread-10:2492] [C:\ProgramData\Anaconda3\envs\myP38\lib\site-packages\django\utils\log.py:log_response:222] [WARNING]- Not Found: /media/weixinFiles/wx6a1fd840ba67b756..7qr0UbD6AygM56b12a19875af14f31a5bf4b179b2466.jpg
2020-01-02 15:20:27,559 [Thread-11:11148] [C:\ProgramData\Anaconda3\envs\myP38\lib\site-packages\django\utils\log.py:log_response:222] [WARNING]- Not Found: /media/weixinFiles/wx6a1fd840ba67b756.o6zAJs5q__eWGkFxZQZnHFxjAoNg.E3FSMLrukcnx6f7aead081b3bf1d_GxtAngA.jpg
2020-01-02 15:20:27,560 [Thread-11:11148] [C:\ProgramData\Anaconda3\envs\myP38\lib\site-packages\django\core\servers\basehttp.py:log_message:154] [WARNING]- "GET /media/weixinFiles/wx6a1fd840ba67b756.o6zAJs5q__eWGkFxZQZnHFxjAoNg.E3FSMLrukcnx6f7aead081b3bf1d_GxtAngA.jpg HTTP/1.1" 404 77
2020-01-02 15:20:27,560 [Thread-10:2492] [C:\ProgramData\Anaconda3\envs\myP38\lib\site-packages\django\core\servers\basehttp.py:log_message:154] [WARNING]- "GET /media/weixinFiles/wx6a1fd840ba67b756..7qr0UbD6AygM56b12a19875af14f31a5bf4b179b2466.jpg HTTP/1.1" 404 77
2020-01-02 15:20:27,578 [Thread-3:5820] [C:\ProgramData\Anaconda3\envs\myP38\lib\site-packages\django\utils\log.py:log_response:222] [WARNING]- Not Found: /media/weixinFiles/wx6a1fd840ba67b756.o6zAJs5q__eWGkFxZQZnHFxjAoNg.euOKEN0CeR5X8414c9bb0b4e8711_fHcwiwZ.mp4
2020-01-02 15:20:27,579 [Thread-3:5820] [C:\ProgramData\Anaconda3\envs\myP38\lib\site-packages\django\core\servers\basehttp.py:log_message:154] [WARNING]- "GET /media/weixinFiles/wx6a1fd840ba67b756.o6zAJs5q__eWGkFxZQZnHFxjAoNg.euOKEN0CeR5X8414c9bb0b4e8711_fHcwiwZ.mp4 HTTP/1.1" 404 77
2020-01-02 15:20:27,582 [Thread-4:4384] [C:\ProgramData\Anaconda3\envs\myP38\lib\site-packages\django\utils\log.py:log_response:222] [WARNING]- Not Found: /media/weixinFiles/wx6a1fd840ba67b756.o6zAJs5q__eWGkFxZQZnHFxjAoNg.GfjkP5trupnT0229b64e9dd209e7_1fYJQfE.mp4
2020-01-02 15:20:27,582 [Thread-4:4384] [C:\ProgramData\Anaconda3\envs\myP38\lib\site-packages\django\core\servers\basehttp.py:log_message:154] [WARNING]- "GET /media/weixinFiles/wx6a1fd840ba67b756.o6zAJs5q__eWGkFxZQZnHFxjAoNg.GfjkP5trupnT0229b64e9dd209e7_1fYJQfE.mp4 HTTP/1.1" 404 77
2020-01-02 15:20:27,583 [Thread-8:9948] [C:\ProgramData\Anaconda3\envs\myP38\lib\site-packages\django\core\servers\basehttp.py:log_message:154] [INFO]- "GET /media/weixinFiles/2020-01-02---7msrzEH1---31a5bf4b179b2466.jpg HTTP/1.1" 200 174802
2020-01-02 15:20:27,584 [Thread-5:10256] [C:\ProgramData\Anaconda3\envs\myP38\lib\site-packages\django\utils\log.py:log_response:222] [WARNING]- Not Found: /media/weixinFiles/wx6a1fd840ba67b756..4rbCE8cY5byr621abac2374562ac4914dbef78155ba9.mp4
2020-01-02 15:20:27,585 [Thread-5:10256] [C:\ProgramData\Anaconda3\envs\myP38\lib\site-packages\django\core\servers\basehttp.py:log_message:154] [WARNING]- "GET /media/weixinFiles/wx6a1fd840ba67b756..4rbCE8cY5byr621abac2374562ac4914dbef78155ba9.mp4 HTTP/1.1" 404 77
2020-01-02 15:20:27,588 [Thread-6:6468] [C:\ProgramData\Anaconda3\envs\myP38\lib\site-packages\django\utils\log.py:log_response:222] [WARNING]- Not Found: /media/weixinFiles/wx6a1fd840ba67b756..Zqg7YIWpzevs0229b64e9dd209e7d4a278a3e66f58ec.mp4
2020-01-02 15:20:27,589 [Thread-6:6468] [C:\ProgramData\Anaconda3\envs\myP38\lib\site-packages\django\core\servers\basehttp.py:log_message:154] [WARNING]- "GET /media/weixinFiles/wx6a1fd840ba67b756..Zqg7YIWpzevs0229b64e9dd209e7d4a278a3e66f58ec.mp4 HTTP/1.1" 404 77
2020-01-02 15:21:09,645 [Thread-1:5784] [G:\pythonProject\Django\myWX_l_ningmo\apps\views\weixinFile.py:getRecentWX:99] [INFO]- 2222
2020-01-02 15:21:09,645 [Thread-1:5784] [G:\pythonProject\Django\myWX_l_ningmo\apps\views\weixinFile.py:getRecentWX:104] [INFO]- 1111
2020-01-02 15:21:09,645 [Thread-1:5784] [C:\ProgramData\Anaconda3\envs\myP38\lib\site-packages\django\core\servers\basehttp.py:log_message:154] [INFO]- "GET /service/getRecentWX HTTP/1.1" 200 86
2020-01-02 15:21:14,221 [Thread-1:5784] [C:\ProgramData\Anaconda3\envs\myP38\lib\site-packages\django\core\servers\basehttp.py:log_message:154] [INFO]- "GET /auth/status HTTP/1.1" 200 70
2020-01-02 15:21:15,257 [Thread-1:5784] [G:\pythonProject\Django\myWX_l_ningmo\utils\wx\code2session.py:code2session:20] [INFO]- result from weixinServer : 
2020-01-02 15:21:15,552 [Thread-1:5784] [C:\ProgramData\Anaconda3\envs\myP38\lib\site-packages\django\core\servers\basehttp.py:log_message:154] [INFO]- "POST /auth/authorize HTTP/1.1" 200 61
2020-01-02 15:21:16,777 [Thread-1:5784] [C:\ProgramData\Anaconda3\envs\myP38\lib\site-packages\django\core\servers\basehttp.py:log_message:154] [INFO]- "GET /auth/status HTTP/1.1" 200 70
2020-01-02 15:21:16,840 [Thread-1:5784] [G:\pythonProject\Django\myWX_l_ningmo\apps\views\menu.py:get:53] [INFO]- session content in service/menu/user: on9eug7e4vqswyibqmjzcmp8ppfdwjqp
2020-01-02 15:21:16,844 [Thread-1:5784] [C:\ProgramData\Anaconda3\envs\myP38\lib\site-packages\django\core\servers\basehttp.py:log_message:154] [INFO]- "GET /service/menu/user HTTP/1.1" 200 480
2020-01-02 15:21:22,922 [Thread-13:6904] [C:\ProgramData\Anaconda3\envs\myP38\lib\site-packages\django\core\servers\basehttp.py:log_message:154] [INFO]- "POST /service/saveWX HTTP/1.1" 200 215
2020-01-02 15:21:26,194 [Thread-1:5784] [G:\pythonProject\Django\myWX_l_ningmo\apps\views\weixinFile.py:getRecentWX:94] [INFO]- /media/weixinFiles/2020-01-02---2NtCGl8X---31a5bf4b179b2466.jpg
2020-01-02 15:21:26,194 [Thread-1:5784] [G:\pythonProject\Django\myWX_l_ningmo\apps\views\weixinFile.py:getRecentWX:99] [INFO]- 2222
2020-01-02 15:21:26,194 [Thread-1:5784] [G:\pythonProject\Django\myWX_l_ningmo\apps\views\weixinFile.py:getRecentWX:104] [INFO]- 1111
2020-01-02 15:21:26,195 [Thread-1:5784] [C:\ProgramData\Anaconda3\envs\myP38\lib\site-packages\django\core\servers\basehttp.py:log_message:154] [INFO]- "GET /service/getRecentWX HTTP/1.1" 200 237
2020-01-02 15:21:26,223 [Thread-8:9948] [C:\ProgramData\Anaconda3\envs\myP38\lib\site-packages\django\core\servers\basehttp.py:log_message:154] [INFO]- "GET /media/weixinFiles/2020-01-02---2NtCGl8X---31a5bf4b179b2466.jpg HTTP/1.1" 200 174802
2020-01-09 19:06:36,090 [MainThread:6452] [C:\ProgramData\Anaconda3\envs\myP38\lib\site-packages\django\db\backends\base\schema.py:execute:124] [DEBUG]- ALTER TABLE `apps_weixinfile` ADD COLUMN `votes` integer DEFAULT %s NOT NULL; (params [0])
2020-01-09 19:06:37,303 [MainThread:6452] [C:\ProgramData\Anaconda3\envs\myP38\lib\site-packages\django\db\backends\base\schema.py:execute:124] [DEBUG]- ALTER TABLE `apps_weixinfile` ALTER COLUMN `votes` DROP DEFAULT; (params [])
2020-01-09 19:16:48,607 [Thread-1:8636] [C:\ProgramData\Anaconda3\envs\myP38\lib\site-packages\django\utils\log.py:log_response:222] [ERROR]- Internal Server Error: /service/getRecentWX
Traceback (most recent call last):
  File "C:\ProgramData\Anaconda3\envs\myP38\lib\site-packages\django\core\handlers\exception.py", line 34, in inner
    response = get_response(request)
  File "C:\ProgramData\Anaconda3\envs\myP38\lib\site-packages\django\core\handlers\base.py", line 126, in _get_response
    response = self.process_exception_by_middleware(e, request)
  File "C:\ProgramData\Anaconda3\envs\myP38\lib\site-packages\django\core\handlers\base.py", line 124, in _get_response
    response = wrapped_callback(request, *callback_args, **callback_kwargs)
  File "G:\pythonProject\Django\myWX_l_ningmo\apps\views\weixinFile.py", line 87, in getRecentWX
    recentFiles = WeiXinFile.objects.get(type='image').order_by('votes')[:10]
AttributeError: 'WeiXinFile' object has no attribute 'order_by'
2020-01-09 19:16:48,610 [Thread-1:8636] [C:\ProgramData\Anaconda3\envs\myP38\lib\site-packages\django\core\servers\basehttp.py:log_message:154] [ERROR]- "GET /service/getRecentWX HTTP/1.1" 500 27
2020-01-09 19:16:59,050 [Thread-1:8636] [C:\ProgramData\Anaconda3\envs\myP38\lib\site-packages\django\utils\log.py:log_response:222] [ERROR]- Internal Server Error: /service/getRecentWX
Traceback (most recent call last):
  File "C:\ProgramData\Anaconda3\envs\myP38\lib\site-packages\django\core\handlers\exception.py", line 34, in inner
    response = get_response(request)
  File "C:\ProgramData\Anaconda3\envs\myP38\lib\site-packages\django\core\handlers\base.py", line 126, in _get_response
    response = self.process_exception_by_middleware(e, request)
  File "C:\ProgramData\Anaconda3\envs\myP38\lib\site-packages\django\core\handlers\base.py", line 124, in _get_response
    response = wrapped_callback(request, *callback_args, **callback_kwargs)
  File "G:\pythonProject\Django\myWX_l_ningmo\apps\views\weixinFile.py", line 87, in getRecentWX
    recentFiles = WeiXinFile.objects.get(type='image').order_by('votes')[:10]
AttributeError: 'WeiXinFile' object has no attribute 'order_by'
2020-01-09 19:16:59,051 [Thread-1:8636] [C:\ProgramData\Anaconda3\envs\myP38\lib\site-packages\django\core\servers\basehttp.py:log_message:154] [ERROR]- "GET /service/getRecentWX HTTP/1.1" 500 27
2020-01-09 19:17:25,196 [Thread-1:8636] [C:\ProgramData\Anaconda3\envs\myP38\lib\site-packages\django\utils\log.py:log_response:222] [ERROR]- Internal Server Error: /service/getRecentWX
Traceback (most recent call last):
  File "C:\ProgramData\Anaconda3\envs\myP38\lib\site-packages\django\core\handlers\exception.py", line 34, in inner
    response = get_response(request)
  File "C:\ProgramData\Anaconda3\envs\myP38\lib\site-packages\django\core\handlers\base.py", line 126, in _get_response
    response = self.process_exception_by_middleware(e, request)
  File "C:\ProgramData\Anaconda3\envs\myP38\lib\site-packages\django\core\handlers\base.py", line 124, in _get_response
    response = wrapped_callback(request, *callback_args, **callback_kwargs)
  File "G:\pythonProject\Django\myWX_l_ningmo\apps\views\weixinFile.py", line 87, in getRecentWX
    recentFiles = WeiXinFile.objects.get(type='image').order_by('votes')[:10]
AttributeError: 'WeiXinFile' object has no attribute 'order_by'
2020-01-09 19:17:25,198 [Thread-1:8636] [C:\ProgramData\Anaconda3\envs\myP38\lib\site-packages\django\core\servers\basehttp.py:log_message:154] [ERROR]- "GET /service/getRecentWX HTTP/1.1" 500 27
2020-01-09 19:18:14,246 [Thread-1:8636] [C:\ProgramData\Anaconda3\envs\myP38\lib\site-packages\django\utils\log.py:log_response:222] [ERROR]- Internal Server Error: /service/getRecentWX
Traceback (most recent call last):
  File "C:\ProgramData\Anaconda3\envs\myP38\lib\site-packages\django\core\handlers\exception.py", line 34, in inner
    response = get_response(request)
  File "C:\ProgramData\Anaconda3\envs\myP38\lib\site-packages\django\core\handlers\base.py", line 126, in _get_response
    response = self.process_exception_by_middleware(e, request)
  File "C:\ProgramData\Anaconda3\envs\myP38\lib\site-packages\django\core\handlers\base.py", line 124, in _get_response
    response = wrapped_callback(request, *callback_args, **callback_kwargs)
  File "G:\pythonProject\Django\myWX_l_ningmo\apps\views\weixinFile.py", line 87, in getRecentWX
    recentFiles = WeiXinFile.objects.get(type='image').order_by('votes')[:10]
AttributeError: 'WeiXinFile' object has no attribute 'order_by'
2020-01-09 19:18:14,248 [Thread-1:8636] [C:\ProgramData\Anaconda3\envs\myP38\lib\site-packages\django\core\servers\basehttp.py:log_message:154] [ERROR]- "GET /service/getRecentWX HTTP/1.1" 500 27
2020-01-09 19:19:03,840 [Thread-1:9212] [C:\ProgramData\Anaconda3\envs\myP38\lib\site-packages\django\utils\log.py:log_response:222] [ERROR]- Internal Server Error: /service/getRecentWX
Traceback (most recent call last):
  File "C:\ProgramData\Anaconda3\envs\myP38\lib\site-packages\django\core\handlers\exception.py", line 34, in inner
    response = get_response(request)
  File "C:\ProgramData\Anaconda3\envs\myP38\lib\site-packages\django\core\handlers\base.py", line 126, in _get_response
    response = self.process_exception_by_middleware(e, request)
  File "C:\ProgramData\Anaconda3\envs\myP38\lib\site-packages\django\core\handlers\base.py", line 124, in _get_response
    response = wrapped_callback(request, *callback_args, **callback_kwargs)
  File "G:\pythonProject\Django\myWX_l_ningmo\apps\views\weixinFile.py", line 87, in getRecentWX
    recentFiles = WeiXinFile.objects.get(type='image')[:10].order_by('votes')
TypeError: 'WeiXinFile' object is not subscriptable
2020-01-09 19:19:03,842 [Thread-1:9212] [C:\ProgramData\Anaconda3\envs\myP38\lib\site-packages\django\core\servers\basehttp.py:log_message:154] [ERROR]- "GET /service/getRecentWX HTTP/1.1" 500 27
2020-01-09 19:19:58,958 [Thread-1:8640] [C:\ProgramData\Anaconda3\envs\myP38\lib\site-packages\django\utils\log.py:log_response:222] [ERROR]- Internal Server Error: /service/getRecentWX
Traceback (most recent call last):
  File "C:\ProgramData\Anaconda3\envs\myP38\lib\site-packages\django\core\handlers\exception.py", line 34, in inner
    response = get_response(request)
  File "C:\ProgramData\Anaconda3\envs\myP38\lib\site-packages\django\core\handlers\base.py", line 126, in _get_response
    response = self.process_exception_by_middleware(e, request)
  File "C:\ProgramData\Anaconda3\envs\myP38\lib\site-packages\django\core\handlers\base.py", line 124, in _get_response
    response = wrapped_callback(request, *callback_args, **callback_kwargs)
  File "G:\pythonProject\Django\myWX_l_ningmo\apps\views\weixinFile.py", line 87, in getRecentWX
    recentFiles = WeiXinFile.objects.get(type='image')[:10]
TypeError: 'WeiXinFile' object is not subscriptable
2020-01-09 19:19:58,959 [Thread-1:8640] [C:\ProgramData\Anaconda3\envs\myP38\lib\site-packages\django\core\servers\basehttp.py:log_message:154] [ERROR]- "GET /service/getRecentWX HTTP/1.1" 500 27
2020-01-09 19:21:03,331 [Thread-1:2792] [G:\pythonProject\Django\myWX_l_ningmo\apps\views\weixinFile.py:getRecentWX:95] [INFO]- /media/weixinFiles/2020-01-02---2NtCGl8X---31a5bf4b179b2466.jpg
2020-01-09 19:21:03,331 [Thread-1:2792] [G:\pythonProject\Django\myWX_l_ningmo\apps\views\weixinFile.py:getRecentWX:100] [INFO]- 2222
2020-01-09 19:21:03,331 [Thread-1:2792] [G:\pythonProject\Django\myWX_l_ningmo\apps\views\weixinFile.py:getRecentWX:105] [INFO]- 1111
2020-01-09 19:21:03,332 [Thread-1:2792] [C:\ProgramData\Anaconda3\envs\myP38\lib\site-packages\django\core\servers\basehttp.py:log_message:154] [INFO]- "GET /service/getRecentWX HTTP/1.1" 200 237
2020-01-09 19:21:03,532 [Thread-3:6060] [C:\ProgramData\Anaconda3\envs\myP38\lib\site-packages\django\core\servers\basehttp.py:log_message:154] [INFO]- "GET /media/weixinFiles/2020-01-02---2NtCGl8X---31a5bf4b179b2466.jpg HTTP/1.1" 200 174802
2020-01-09 19:21:40,495 [Thread-1:2792] [G:\pythonProject\Django\myWX_l_ningmo\apps\views\weixinFile.py:getRecentWX:95] [INFO]- /media/weixinFiles/2020-01-02---2NtCGl8X---31a5bf4b179b2466.jpg
2020-01-09 19:21:40,495 [Thread-1:2792] [G:\pythonProject\Django\myWX_l_ningmo\apps\views\weixinFile.py:getRecentWX:100] [INFO]- 2222
2020-01-09 19:21:40,495 [Thread-1:2792] [G:\pythonProject\Django\myWX_l_ningmo\apps\views\weixinFile.py:getRecentWX:105] [INFO]- 1111
2020-01-09 19:21:40,496 [Thread-1:2792] [C:\ProgramData\Anaconda3\envs\myP38\lib\site-packages\django\core\servers\basehttp.py:log_message:154] [INFO]- "GET /service/getRecentWX HTTP/1.1" 200 237
2020-01-09 19:21:44,189 [Thread-1:2792] [C:\ProgramData\Anaconda3\envs\myP38\lib\site-packages\django\core\servers\basehttp.py:log_message:154] [INFO]- "GET /auth/status HTTP/1.1" 200 70
2020-01-09 19:21:48,267 [Thread-1:2792] [C:\ProgramData\Anaconda3\envs\myP38\lib\site-packages\django\core\servers\basehttp.py:log_message:154] [INFO]- "GET /auth/status HTTP/1.1" 200 70
2020-01-09 19:21:51,807 [Thread-1:2792] [G:\pythonProject\Django\myWX_l_ningmo\utils\wx\code2session.py:code2session:20] [INFO]- result from weixinServer : 
2020-01-09 19:21:52,018 [Thread-1:2792] [C:\ProgramData\Anaconda3\envs\myP38\lib\site-packages\django\core\servers\basehttp.py:log_message:154] [INFO]- "POST /auth/authorize HTTP/1.1" 200 61
2020-01-09 19:21:54,321 [Thread-1:2792] [C:\ProgramData\Anaconda3\envs\myP38\lib\site-packages\django\core\servers\basehttp.py:log_message:154] [INFO]- "GET /auth/status HTTP/1.1" 200 70
2020-01-09 19:21:54,348 [Thread-1:2792] [G:\pythonProject\Django\myWX_l_ningmo\apps\views\menu.py:get:53] [INFO]- session content in service/menu/user: yqpm8nzltdizfbevtt2yrkoamz8zkgdn
2020-01-09 19:21:54,396 [Thread-1:2792] [C:\ProgramData\Anaconda3\envs\myP38\lib\site-packages\django\core\servers\basehttp.py:log_message:154] [INFO]- "GET /service/menu/user HTTP/1.1" 200 480
2020-01-09 19:22:07,583 [Thread-5:5276] [C:\ProgramData\Anaconda3\envs\myP38\lib\site-packages\django\core\servers\basehttp.py:log_message:154] [INFO]- "POST /service/saveWX HTTP/1.1" 200 215
2020-01-09 19:22:07,583 [Thread-4:9100] [C:\ProgramData\Anaconda3\envs\myP38\lib\site-packages\django\core\servers\basehttp.py:log_message:154] [INFO]- "POST /service/saveWX HTTP/1.1" 200 215
2020-01-09 19:22:07,671 [Thread-6:3640] [C:\ProgramData\Anaconda3\envs\myP38\lib\site-packages\django\core\servers\basehttp.py:log_message:154] [INFO]- "POST /service/saveWX HTTP/1.1" 200 215
2020-01-09 19:22:07,672 [Thread-7:9716] [C:\ProgramData\Anaconda3\envs\myP38\lib\site-packages\django\core\servers\basehttp.py:log_message:154] [INFO]- "POST /service/saveWX HTTP/1.1" 200 215
2020-01-09 19:22:10,862 [Thread-1:2792] [G:\pythonProject\Django\myWX_l_ningmo\apps\views\weixinFile.py:getRecentWX:95] [INFO]- /media/weixinFiles/2020-01-02---2NtCGl8X---31a5bf4b179b2466.jpg
2020-01-09 19:22:10,862 [Thread-1:2792] [G:\pythonProject\Django\myWX_l_ningmo\apps\views\weixinFile.py:getRecentWX:95] [INFO]- /media/weixinFiles/2020-01-09---gEx6NC1c---31a5bf4b179b2466.jpg
2020-01-09 19:22:10,862 [Thread-1:2792] [G:\pythonProject\Django\myWX_l_ningmo\apps\views\weixinFile.py:getRecentWX:95] [INFO]- /media/weixinFiles/2020-01-09---wmb8Ex2z---65b91fbd154d778f.jpg
2020-01-09 19:22:10,863 [Thread-1:2792] [G:\pythonProject\Django\myWX_l_ningmo\apps\views\weixinFile.py:getRecentWX:95] [INFO]- /media/weixinFiles/2020-01-09---mk8yORwC---0c91a6be71c0c94c.jpg
2020-01-09 19:22:10,863 [Thread-1:2792] [G:\pythonProject\Django\myWX_l_ningmo\apps\views\weixinFile.py:getRecentWX:95] [INFO]- /media/weixinFiles/2020-01-09---7lOj16Rw---efc2bae4a165e76e.png
2020-01-09 19:22:10,863 [Thread-1:2792] [G:\pythonProject\Django\myWX_l_ningmo\apps\views\weixinFile.py:getRecentWX:100] [INFO]- 2222
2020-01-09 19:22:10,863 [Thread-1:2792] [G:\pythonProject\Django\myWX_l_ningmo\apps\views\weixinFile.py:getRecentWX:105] [INFO]- 1111
2020-01-09 19:22:10,864 [Thread-1:2792] [C:\ProgramData\Anaconda3\envs\myP38\lib\site-packages\django\core\servers\basehttp.py:log_message:154] [INFO]- "GET /service/getRecentWX HTTP/1.1" 200 849
2020-01-09 19:22:10,891 [Thread-3:6060] [C:\ProgramData\Anaconda3\envs\myP38\lib\site-packages\django\core\servers\basehttp.py:log_message:154] [INFO]- "GET /media/weixinFiles/2020-01-09---gEx6NC1c---31a5bf4b179b2466.jpg HTTP/1.1" 200 174802
2020-01-09 19:22:10,896 [Thread-8:9512] [C:\ProgramData\Anaconda3\envs\myP38\lib\site-packages\django\core\servers\basehttp.py:log_message:154] [INFO]- "GET /media/weixinFiles/2020-01-09---wmb8Ex2z---65b91fbd154d778f.jpg HTTP/1.1" 200 221649
2020-01-09 19:22:10,900 [Thread-9:9988] [C:\ProgramData\Anaconda3\envs\myP38\lib\site-packages\django\core\servers\basehttp.py:log_message:154] [INFO]- "GET /media/weixinFiles/2020-01-09---mk8yORwC---0c91a6be71c0c94c.jpg HTTP/1.1" 200 226266
2020-01-09 19:22:10,907 [Thread-10:8204] [C:\ProgramData\Anaconda3\envs\myP38\lib\site-packages\django\core\servers\basehttp.py:log_message:154] [INFO]- "GET /media/weixinFiles/2020-01-09---7lOj16Rw---efc2bae4a165e76e.png HTTP/1.1" 200 183237
